2021-11-01 15:28:34.298 [main] INFO  wg.application.TestApplication:50 - Starting TestApplication on DESKTOP-8ST7NBP with PID 1404 (D:\java-project\test\target\classes started by wg in D:\java-project\test)
2021-11-01 15:28:34.302 [main] INFO  wg.application.TestApplication:679 - The following profiles are active: wg
2021-11-01 15:28:35.079 [main] INFO  o.s.d.r.config.RepositoryConfigurationDelegate:244 - Multiple Spring Data modules found, entering strict repository configuration mode!
2021-11-01 15:28:35.081 [main] INFO  o.s.d.r.config.RepositoryConfigurationDelegate:126 - Bootstrapping Spring Data repositories in DEFAULT mode.
2021-11-01 15:28:35.147 [main] INFO  o.s.d.r.config.RepositoryConfigurationDelegate:182 - Finished Spring Data repository scanning in 44ms. Found 0 repository interfaces.
2021-11-01 15:28:35.499 [main] INFO  o.s.c.s.PostProcessorRegistrationDelegate$BeanPostProcessorChecker:330 - Bean 'org.springframework.transaction.annotation.ProxyTransactionManagementConfiguration' of type [org.springframework.transaction.annotation.ProxyTransactionManagementConfiguration$$EnhancerBySpringCGLIB$$de9250e] is not eligible for getting processed by all BeanPostProcessors (for example: not eligible for auto-proxying)
2021-11-01 15:28:36.083 [main] INFO  o.s.boot.web.embedded.tomcat.TomcatWebServer:90 - Tomcat initialized with port(s): 2 (https) 8080 (http)
2021-11-01 15:28:36.099 [main] INFO  org.apache.coyote.http11.Http11NioProtocol:173 - Initializing ProtocolHandler ["https-jsse-nio-2"]
2021-11-01 15:28:36.112 [main] INFO  org.apache.coyote.http11.Http11NioProtocol:173 - Initializing ProtocolHandler ["http-nio-8080"]
2021-11-01 15:28:36.123 [main] INFO  org.apache.catalina.core.StandardService:173 - Starting service [Tomcat]
2021-11-01 15:28:36.124 [main] INFO  org.apache.catalina.core.StandardEngine:173 - Starting Servlet engine: [Apache Tomcat/9.0.16]
2021-11-01 15:28:36.131 [main] INFO  org.apache.catalina.core.AprLifecycleListener:173 - The APR based Apache Tomcat Native library which allows optimal performance in production environments was not found on the java.library.path: [E:\java-1.8.0\bin;C:\Windows\Sun\Java\bin;C:\Windows\system32;C:\Windows;C:\Windows\system32;C:\Windows;C:\Windows\System32\Wbem;C:\Windows\System32\WindowsPowerShell\v1.0\;C:\Windows\System32\OpenSSH\;E:\java-1.8.0\bin;E:\java-1.8.0\jre\bin;C:\Program Files\MySQL\MySQL Server 8.0\bin;E:\apache-maven-3.8.2\bin;C:\Program Files\Git\cmd;C:\Program Files\nodejs\node_global\node_modules\cnpm\bin;C:\Program Files\nodejs\node_global\node_modules\yarn\bin;D:\Programs\Python\Python37\Lib\site-packages\jep;C:\Program Files\nodejs\;D:\Programs\Python\Python37\Scripts\;D:\Programs\Python\Python37\;C:\Users\wg\AppData\Local\Microsoft\WindowsApps;E:\IDEA\bin;;;C:\Users\wg\AppData\Local\Programs\Microsoft VS Code\bin;C:\Users\wg\AppData\Roaming\npm;.]
2021-11-01 15:28:36.288 [main] INFO  o.a.c.core.ContainerBase.[Tomcat].[localhost].[/]:173 - Initializing Spring embedded WebApplicationContext
2021-11-01 15:28:36.289 [main] INFO  org.springframework.web.context.ContextLoader:296 - Root WebApplicationContext: initialization completed in 1908 ms
2021-11-01 15:28:37.673 [main] INFO  org.apache.coyote.http11.Http11NioProtocol:173 - Starting ProtocolHandler ["https-jsse-nio-2"]
2021-11-01 15:28:37.827 [main] INFO  org.apache.coyote.http11.Http11NioProtocol:173 - Starting ProtocolHandler ["http-nio-8080"]
2021-11-01 15:28:37.836 [main] INFO  o.s.boot.web.embedded.tomcat.TomcatWebServer:204 - Tomcat started on port(s): 2 (https) 8080 (http) with context path ''
2021-11-01 15:28:37.838 [main] INFO  wg.application.TestApplication:59 - Started TestApplication in 4.128 seconds (JVM running for 4.634)
2021-11-01 15:28:37.839 [main] INFO  wg.application.config.StartupMessage:23 - 启动完成
2021-11-01 15:35:14.382 [main] INFO  wg.application.TestApplication:50 - Starting TestApplication on DESKTOP-8ST7NBP with PID 18176 (D:\java-project\test\target\classes started by wg in D:\java-project\test)
2021-11-01 15:35:14.386 [main] INFO  wg.application.TestApplication:679 - The following profiles are active: wg
2021-11-01 15:35:15.209 [main] INFO  o.s.d.r.config.RepositoryConfigurationDelegate:244 - Multiple Spring Data modules found, entering strict repository configuration mode!
2021-11-01 15:35:15.212 [main] INFO  o.s.d.r.config.RepositoryConfigurationDelegate:126 - Bootstrapping Spring Data repositories in DEFAULT mode.
2021-11-01 15:35:15.266 [main] INFO  o.s.d.r.config.RepositoryConfigurationDelegate:182 - Finished Spring Data repository scanning in 43ms. Found 0 repository interfaces.
2021-11-01 15:35:15.582 [main] INFO  o.s.c.s.PostProcessorRegistrationDelegate$BeanPostProcessorChecker:330 - Bean 'org.springframework.transaction.annotation.ProxyTransactionManagementConfiguration' of type [org.springframework.transaction.annotation.ProxyTransactionManagementConfiguration$$EnhancerBySpringCGLIB$$5949cd2a] is not eligible for getting processed by all BeanPostProcessors (for example: not eligible for auto-proxying)
2021-11-01 15:35:16.170 [main] INFO  o.s.boot.web.embedded.tomcat.TomcatWebServer:90 - Tomcat initialized with port(s): 2 (https) 8080 (http)
2021-11-01 15:35:16.185 [main] INFO  org.apache.coyote.http11.Http11NioProtocol:173 - Initializing ProtocolHandler ["https-jsse-nio-2"]
2021-11-01 15:35:16.196 [main] INFO  org.apache.coyote.http11.Http11NioProtocol:173 - Initializing ProtocolHandler ["http-nio-8080"]
2021-11-01 15:35:16.207 [main] INFO  org.apache.catalina.core.StandardService:173 - Starting service [Tomcat]
2021-11-01 15:35:16.208 [main] INFO  org.apache.catalina.core.StandardEngine:173 - Starting Servlet engine: [Apache Tomcat/9.0.16]
2021-11-01 15:35:16.215 [main] INFO  org.apache.catalina.core.AprLifecycleListener:173 - The APR based Apache Tomcat Native library which allows optimal performance in production environments was not found on the java.library.path: [E:\java-1.8.0\bin;C:\Windows\Sun\Java\bin;C:\Windows\system32;C:\Windows;C:\Windows\system32;C:\Windows;C:\Windows\System32\Wbem;C:\Windows\System32\WindowsPowerShell\v1.0\;C:\Windows\System32\OpenSSH\;E:\java-1.8.0\bin;E:\java-1.8.0\jre\bin;C:\Program Files\MySQL\MySQL Server 8.0\bin;E:\apache-maven-3.8.2\bin;C:\Program Files\Git\cmd;C:\Program Files\nodejs\node_global\node_modules\cnpm\bin;C:\Program Files\nodejs\node_global\node_modules\yarn\bin;D:\Programs\Python\Python37\Lib\site-packages\jep;C:\Program Files\nodejs\;D:\Programs\Python\Python37\Scripts\;D:\Programs\Python\Python37\;C:\Users\wg\AppData\Local\Microsoft\WindowsApps;E:\IDEA\bin;;;C:\Users\wg\AppData\Local\Programs\Microsoft VS Code\bin;C:\Users\wg\AppData\Roaming\npm;.]
2021-11-01 15:35:16.370 [main] INFO  o.a.c.core.ContainerBase.[Tomcat].[localhost].[/]:173 - Initializing Spring embedded WebApplicationContext
2021-11-01 15:35:16.370 [main] INFO  org.springframework.web.context.ContextLoader:296 - Root WebApplicationContext: initialization completed in 1904 ms
2021-11-01 15:35:17.685 [main] INFO  org.apache.coyote.http11.Http11NioProtocol:173 - Starting ProtocolHandler ["https-jsse-nio-2"]
2021-11-01 15:35:17.850 [main] INFO  org.apache.coyote.http11.Http11NioProtocol:173 - Starting ProtocolHandler ["http-nio-8080"]
2021-11-01 15:35:17.859 [main] INFO  o.s.boot.web.embedded.tomcat.TomcatWebServer:204 - Tomcat started on port(s): 2 (https) 8080 (http) with context path ''
2021-11-01 15:35:17.861 [main] INFO  wg.application.TestApplication:59 - Started TestApplication in 4.066 seconds (JVM running for 4.572)
2021-11-01 15:35:17.863 [main] INFO  wg.application.config.StartupMessage:23 - 启动完成
2021-11-01 15:41:42.944 [https-jsse-nio-2-exec-10] INFO  o.a.c.core.ContainerBase.[Tomcat].[localhost].[/]:173 - Initializing Spring DispatcherServlet 'dispatcherServlet'
2021-11-01 15:41:42.945 [https-jsse-nio-2-exec-10] INFO  org.springframework.web.servlet.DispatcherServlet:524 - Initializing Servlet 'dispatcherServlet'
2021-11-01 15:41:42.950 [https-jsse-nio-2-exec-10] INFO  org.springframework.web.servlet.DispatcherServlet:546 - Completed initialization in 5 ms
2021-11-01 15:41:42.993 [https-jsse-nio-2-exec-10] INFO  com.zaxxer.hikari.HikariDataSource:110 - HikariPool-1 - Starting...
2021-11-01 15:41:43.097 [https-jsse-nio-2-exec-10] INFO  com.zaxxer.hikari.HikariDataSource:123 - HikariPool-1 - Start completed.
2021-11-01 15:41:43.201 [https-jsse-nio-2-exec-10] ERROR o.a.c.c.C.[.[localhost].[/].[dispatcherServlet]:175 - Servlet.service() for servlet [dispatcherServlet] in context with path [] threw exception [Request processing failed; nested exception is org.springframework.dao.DataIntegrityViolationException: Error attempting to get column 'id' from result set.  Cause: java.sql.SQLDataException: Value '197858468189835264' is outside of valid range for type java.lang.Integer
; Value '197858468189835264' is outside of valid range for type java.lang.Integer; nested exception is java.sql.SQLDataException: Value '197858468189835264' is outside of valid range for type java.lang.Integer] with root cause
com.mysql.cj.exceptions.NumberOutOfRange: Value '197858468189835264' is outside of valid range for type java.lang.Integer
	at com.mysql.cj.result.IntegerBoundsEnforcer.createFromLong(IntegerBoundsEnforcer.java:58)
	at com.mysql.cj.result.BaseDecoratingValueFactory.createFromLong(BaseDecoratingValueFactory.java:65)
	at com.mysql.cj.protocol.a.MysqlTextValueDecoder.decodeInt8(MysqlTextValueDecoder.java:220)
	at com.mysql.cj.protocol.result.AbstractResultsetRow.decodeAndCreateReturnValue(AbstractResultsetRow.java:121)
	at com.mysql.cj.protocol.result.AbstractResultsetRow.getValueFromBytes(AbstractResultsetRow.java:250)
	at com.mysql.cj.protocol.a.result.ByteArrayRow.getValue(ByteArrayRow.java:91)
	at com.mysql.cj.jdbc.result.ResultSetImpl.getNonStringValueFromRow(ResultSetImpl.java:656)
	at com.mysql.cj.jdbc.result.ResultSetImpl.getInt(ResultSetImpl.java:896)
	at com.mysql.cj.jdbc.result.ResultSetImpl.getInt(ResultSetImpl.java:916)
	at com.zaxxer.hikari.pool.HikariProxyResultSet.getInt(HikariProxyResultSet.java)
	at sun.reflect.NativeMethodAccessorImpl.invoke0(Native Method)
	at sun.reflect.NativeMethodAccessorImpl.invoke(NativeMethodAccessorImpl.java:62)
	at sun.reflect.DelegatingMethodAccessorImpl.invoke(DelegatingMethodAccessorImpl.java:43)
	at java.lang.reflect.Method.invoke(Method.java:498)
	at org.apache.ibatis.logging.jdbc.ResultSetLogger.invoke(ResultSetLogger.java:69)
	at com.sun.proxy.$Proxy84.getInt(Unknown Source)
	at org.apache.ibatis.type.IntegerTypeHandler.getNullableResult(IntegerTypeHandler.java:37)
	at org.apache.ibatis.type.IntegerTypeHandler.getNullableResult(IntegerTypeHandler.java:26)
	at org.apache.ibatis.type.BaseTypeHandler.getResult(BaseTypeHandler.java:81)
	at org.apache.ibatis.executor.resultset.DefaultResultSetHandler.getPropertyMappingValue(DefaultResultSetHandler.java:472)
	at org.apache.ibatis.executor.resultset.DefaultResultSetHandler.applyPropertyMappings(DefaultResultSetHandler.java:441)
	at org.apache.ibatis.executor.resultset.DefaultResultSetHandler.getRowValue(DefaultResultSetHandler.java:404)
	at org.apache.ibatis.executor.resultset.DefaultResultSetHandler.handleRowValuesForSimpleResultMap(DefaultResultSetHandler.java:354)
	at org.apache.ibatis.executor.resultset.DefaultResultSetHandler.handleRowValues(DefaultResultSetHandler.java:328)
	at org.apache.ibatis.executor.resultset.DefaultResultSetHandler.handleResultSet(DefaultResultSetHandler.java:301)
	at org.apache.ibatis.executor.resultset.DefaultResultSetHandler.handleResultSets(DefaultResultSetHandler.java:194)
	at org.apache.ibatis.executor.statement.PreparedStatementHandler.query(PreparedStatementHandler.java:65)
	at org.apache.ibatis.executor.statement.RoutingStatementHandler.query(RoutingStatementHandler.java:79)
	at org.apache.ibatis.executor.SimpleExecutor.doQuery(SimpleExecutor.java:63)
	at org.apache.ibatis.executor.BaseExecutor.queryFromDatabase(BaseExecutor.java:324)
	at org.apache.ibatis.executor.BaseExecutor.query(BaseExecutor.java:156)
	at org.apache.ibatis.executor.CachingExecutor.query(CachingExecutor.java:109)
	at org.apache.ibatis.executor.CachingExecutor.query(CachingExecutor.java:83)
	at org.apache.ibatis.session.defaults.DefaultSqlSession.selectList(DefaultSqlSession.java:147)
	at org.apache.ibatis.session.defaults.DefaultSqlSession.selectList(DefaultSqlSession.java:140)
	at sun.reflect.NativeMethodAccessorImpl.invoke0(Native Method)
	at sun.reflect.NativeMethodAccessorImpl.invoke(NativeMethodAccessorImpl.java:62)
	at sun.reflect.DelegatingMethodAccessorImpl.invoke(DelegatingMethodAccessorImpl.java:43)
	at java.lang.reflect.Method.invoke(Method.java:498)
	at org.mybatis.spring.SqlSessionTemplate$SqlSessionInterceptor.invoke(SqlSessionTemplate.java:426)
	at com.sun.proxy.$Proxy69.selectList(Unknown Source)
	at org.mybatis.spring.SqlSessionTemplate.selectList(SqlSessionTemplate.java:223)
	at org.apache.ibatis.binding.MapperMethod.executeForMany(MapperMethod.java:147)
	at org.apache.ibatis.binding.MapperMethod.execute(MapperMethod.java:80)
	at org.apache.ibatis.binding.MapperProxy.invoke(MapperProxy.java:93)
	at com.sun.proxy.$Proxy70.selectByExample(Unknown Source)
	at wg.application.service.impl.UserServiceImpl.getAll(UserServiceImpl.java:21)
	at wg.application.controller.UserController.getAll(UserController.java:23)
	at sun.reflect.NativeMethodAccessorImpl.invoke0(Native Method)
	at sun.reflect.NativeMethodAccessorImpl.invoke(NativeMethodAccessorImpl.java:62)
	at sun.reflect.DelegatingMethodAccessorImpl.invoke(DelegatingMethodAccessorImpl.java:43)
	at java.lang.reflect.Method.invoke(Method.java:498)
	at org.springframework.web.method.support.InvocableHandlerMethod.doInvoke(InvocableHandlerMethod.java:189)
	at org.springframework.web.method.support.InvocableHandlerMethod.invokeForRequest(InvocableHandlerMethod.java:138)
	at org.springframework.web.servlet.mvc.method.annotation.ServletInvocableHandlerMethod.invokeAndHandle(ServletInvocableHandlerMethod.java:102)
	at org.springframework.web.servlet.mvc.method.annotation.RequestMappingHandlerAdapter.invokeHandlerMethod(RequestMappingHandlerAdapter.java:895)
	at org.springframework.web.servlet.mvc.method.annotation.RequestMappingHandlerAdapter.handleInternal(RequestMappingHandlerAdapter.java:800)
	at org.springframework.web.servlet.mvc.method.AbstractHandlerMethodAdapter.handle(AbstractHandlerMethodAdapter.java:87)
	at org.springframework.web.servlet.DispatcherServlet.doDispatch(DispatcherServlet.java:1038)
	at org.springframework.web.servlet.DispatcherServlet.doService(DispatcherServlet.java:942)
	at org.springframework.web.servlet.FrameworkServlet.processRequest(FrameworkServlet.java:1005)
	at org.springframework.web.servlet.FrameworkServlet.doGet(FrameworkServlet.java:897)
	at javax.servlet.http.HttpServlet.service(HttpServlet.java:634)
	at org.springframework.web.servlet.FrameworkServlet.service(FrameworkServlet.java:882)
	at javax.servlet.http.HttpServlet.service(HttpServlet.java:741)
	at org.apache.catalina.core.ApplicationFilterChain.internalDoFilter(ApplicationFilterChain.java:231)
	at org.apache.catalina.core.ApplicationFilterChain.doFilter(ApplicationFilterChain.java:166)
	at org.apache.tomcat.websocket.server.WsFilter.doFilter(WsFilter.java:53)
	at org.apache.catalina.core.ApplicationFilterChain.internalDoFilter(ApplicationFilterChain.java:193)
	at org.apache.catalina.core.ApplicationFilterChain.doFilter(ApplicationFilterChain.java:166)
	at wg.application.config.WgFilter.doFilter(WgFilter.java:78)
	at org.apache.catalina.core.ApplicationFilterChain.internalDoFilter(ApplicationFilterChain.java:193)
	at org.apache.catalina.core.ApplicationFilterChain.doFilter(ApplicationFilterChain.java:166)
	at org.springframework.web.filter.CharacterEncodingFilter.doFilterInternal(CharacterEncodingFilter.java:200)
	at org.springframework.web.filter.OncePerRequestFilter.doFilter(OncePerRequestFilter.java:107)
	at org.apache.catalina.core.ApplicationFilterChain.internalDoFilter(ApplicationFilterChain.java:193)
	at org.apache.catalina.core.ApplicationFilterChain.doFilter(ApplicationFilterChain.java:166)
	at org.apache.catalina.core.StandardWrapperValve.invoke(StandardWrapperValve.java:200)
	at org.apache.catalina.core.StandardContextValve.invoke(StandardContextValve.java:96)
	at org.apache.catalina.authenticator.AuthenticatorBase.invoke(AuthenticatorBase.java:607)
	at org.apache.catalina.core.StandardHostValve.invoke(StandardHostValve.java:139)
	at org.apache.catalina.valves.ErrorReportValve.invoke(ErrorReportValve.java:92)
	at org.apache.catalina.core.StandardEngineValve.invoke(StandardEngineValve.java:74)
	at org.apache.catalina.connector.CoyoteAdapter.service(CoyoteAdapter.java:343)
	at org.apache.coyote.http11.Http11Processor.service(Http11Processor.java:408)
	at org.apache.coyote.AbstractProcessorLight.process(AbstractProcessorLight.java:66)
	at org.apache.coyote.AbstractProtocol$ConnectionHandler.process(AbstractProtocol.java:834)
	at org.apache.tomcat.util.net.NioEndpoint$SocketProcessor.doRun(NioEndpoint.java:1415)
	at org.apache.tomcat.util.net.SocketProcessorBase.run(SocketProcessorBase.java:49)
	at java.util.concurrent.ThreadPoolExecutor.runWorker(ThreadPoolExecutor.java:1149)
	at java.util.concurrent.ThreadPoolExecutor$Worker.run(ThreadPoolExecutor.java:624)
	at org.apache.tomcat.util.threads.TaskThread$WrappingRunnable.run(TaskThread.java:61)
	at java.lang.Thread.run(Thread.java:748)
2021-11-01 15:44:54.727 [Thread-6] INFO  com.zaxxer.hikari.HikariDataSource:350 - HikariPool-1 - Shutdown initiated...
2021-11-01 15:44:54.733 [Thread-6] INFO  com.zaxxer.hikari.HikariDataSource:352 - HikariPool-1 - Shutdown completed.
2021-11-01 15:44:59.842 [main] INFO  wg.application.TestApplication:50 - Starting TestApplication on DESKTOP-8ST7NBP with PID 13732 (D:\java-project\test\target\classes started by wg in D:\java-project\test)
2021-11-01 15:44:59.847 [main] INFO  wg.application.TestApplication:679 - The following profiles are active: wg
2021-11-01 15:45:00.633 [main] INFO  o.s.d.r.config.RepositoryConfigurationDelegate:244 - Multiple Spring Data modules found, entering strict repository configuration mode!
2021-11-01 15:45:00.637 [main] INFO  o.s.d.r.config.RepositoryConfigurationDelegate:126 - Bootstrapping Spring Data repositories in DEFAULT mode.
2021-11-01 15:45:00.706 [main] INFO  o.s.d.r.config.RepositoryConfigurationDelegate:182 - Finished Spring Data repository scanning in 53ms. Found 0 repository interfaces.
2021-11-01 15:45:01.059 [main] INFO  o.s.c.s.PostProcessorRegistrationDelegate$BeanPostProcessorChecker:330 - Bean 'org.springframework.transaction.annotation.ProxyTransactionManagementConfiguration' of type [org.springframework.transaction.annotation.ProxyTransactionManagementConfiguration$$EnhancerBySpringCGLIB$$efc69acd] is not eligible for getting processed by all BeanPostProcessors (for example: not eligible for auto-proxying)
2021-11-01 15:45:01.633 [main] INFO  o.s.boot.web.embedded.tomcat.TomcatWebServer:90 - Tomcat initialized with port(s): 2 (https) 8080 (http)
2021-11-01 15:45:01.648 [main] INFO  org.apache.coyote.http11.Http11NioProtocol:173 - Initializing ProtocolHandler ["https-jsse-nio-2"]
2021-11-01 15:45:01.658 [main] INFO  org.apache.coyote.http11.Http11NioProtocol:173 - Initializing ProtocolHandler ["http-nio-8080"]
2021-11-01 15:45:01.668 [main] INFO  org.apache.catalina.core.StandardService:173 - Starting service [Tomcat]
2021-11-01 15:45:01.669 [main] INFO  org.apache.catalina.core.StandardEngine:173 - Starting Servlet engine: [Apache Tomcat/9.0.16]
2021-11-01 15:45:01.674 [main] INFO  org.apache.catalina.core.AprLifecycleListener:173 - The APR based Apache Tomcat Native library which allows optimal performance in production environments was not found on the java.library.path: [E:\java-1.8.0\bin;C:\Windows\Sun\Java\bin;C:\Windows\system32;C:\Windows;C:\Windows\system32;C:\Windows;C:\Windows\System32\Wbem;C:\Windows\System32\WindowsPowerShell\v1.0\;C:\Windows\System32\OpenSSH\;E:\java-1.8.0\bin;E:\java-1.8.0\jre\bin;C:\Program Files\MySQL\MySQL Server 8.0\bin;E:\apache-maven-3.8.2\bin;C:\Program Files\Git\cmd;C:\Program Files\nodejs\node_global\node_modules\cnpm\bin;C:\Program Files\nodejs\node_global\node_modules\yarn\bin;D:\Programs\Python\Python37\Lib\site-packages\jep;C:\Program Files\nodejs\;D:\Programs\Python\Python37\Scripts\;D:\Programs\Python\Python37\;C:\Users\wg\AppData\Local\Microsoft\WindowsApps;E:\IDEA\bin;;;C:\Users\wg\AppData\Local\Programs\Microsoft VS Code\bin;C:\Users\wg\AppData\Roaming\npm;.]
2021-11-01 15:45:01.815 [main] INFO  o.a.c.core.ContainerBase.[Tomcat].[localhost].[/]:173 - Initializing Spring embedded WebApplicationContext
2021-11-01 15:45:01.816 [main] INFO  org.springframework.web.context.ContextLoader:296 - Root WebApplicationContext: initialization completed in 1883 ms
2021-11-01 15:45:03.078 [main] INFO  org.apache.coyote.http11.Http11NioProtocol:173 - Starting ProtocolHandler ["https-jsse-nio-2"]
2021-11-01 15:45:03.237 [main] INFO  org.apache.coyote.http11.Http11NioProtocol:173 - Starting ProtocolHandler ["http-nio-8080"]
2021-11-01 15:45:03.247 [main] INFO  o.s.boot.web.embedded.tomcat.TomcatWebServer:204 - Tomcat started on port(s): 2 (https) 8080 (http) with context path ''
2021-11-01 15:45:03.250 [main] INFO  wg.application.TestApplication:59 - Started TestApplication in 4.033 seconds (JVM running for 4.523)
2021-11-01 15:45:03.252 [main] INFO  wg.application.config.StartupMessage:23 - 启动完成
2021-11-01 15:45:08.973 [https-jsse-nio-2-exec-8] INFO  o.a.c.core.ContainerBase.[Tomcat].[localhost].[/]:173 - Initializing Spring DispatcherServlet 'dispatcherServlet'
2021-11-01 15:45:08.973 [https-jsse-nio-2-exec-8] INFO  org.springframework.web.servlet.DispatcherServlet:524 - Initializing Servlet 'dispatcherServlet'
2021-11-01 15:45:08.978 [https-jsse-nio-2-exec-8] INFO  org.springframework.web.servlet.DispatcherServlet:546 - Completed initialization in 5 ms
2021-11-01 15:45:09.030 [https-jsse-nio-2-exec-8] INFO  com.zaxxer.hikari.HikariDataSource:110 - HikariPool-1 - Starting...
2021-11-01 15:45:09.125 [https-jsse-nio-2-exec-8] INFO  com.zaxxer.hikari.HikariDataSource:123 - HikariPool-1 - Start completed.
2021-11-01 16:07:14.353 [Thread-6] INFO  com.zaxxer.hikari.HikariDataSource:350 - HikariPool-1 - Shutdown initiated...
2021-11-01 16:07:14.357 [Thread-6] INFO  com.zaxxer.hikari.HikariDataSource:352 - HikariPool-1 - Shutdown completed.
